{"level":"info","message":"Starting: generate-swagger-spec script"}
{"level":"info","message":"Ending: generate-swagger-spec script"}
{"level":"info","message":"Starting: API process"}
{"level":"info","message":"Ending: API process"}
{"level":"info","message":"Server running on port 5000"}
{"level":"info","message":"Starting: getReleases function"}
{"level":"info","message":"Retrieved 15 releases"}
{"level":"info","message":"Ending: getReleases function"}
{"level":"info","message":"Server shut down"}
{"level":"info","message":"Starting: API process"}
{"level":"info","message":"Ending: API process"}
{"level":"info","message":"Server running on port 5000"}
{"level":"info","message":"Server shut down"}
{"level":"info","message":"Starting: API process"}
{"level":"info","message":"Ending: API process"}
{"level":"info","message":"Server running on port 5000"}
{"level":"info","message":"Server shut down"}
{"level":"info","message":"Server running on port 5000"}
{"level":"info","message":"Starting: getReleases function"}
{"level":"info","message":"Retrieved 10 releases"}
{"level":"info","message":"Ending: getReleases function"}
{"level":"info","message":"Server shut down"}
{"level":"info","message":"Server running on port 5000"}
{"level":"info","message":"Starting: getReleases function"}
{"level":"info","message":"Retrieved 10 releases"}
{"level":"info","message":"Ending: getReleases function"}
{"level":"info","message":"Starting: getReleases function"}
{"level":"error","message":"Error fetching releases: PrismaClientValidationError: \nInvalid `prisma.release.findMany()` invocation:\n\n{\n  include: {\n    artists: {\n      include: {\n        artist: true\n      }\n    },\n    format: true,\n    cover_art: true\n  },\n  where: {\n+   format_id: {\n+     equals: Int | IntFieldRefInput,\n+     in: Int[],\n+     notIn: Int[],\n+     lt: Int | IntFieldRefInput,\n+     lte: Int | IntFieldRefInput,\n+     gt: Int | IntFieldRefInput,\n+     gte: Int | IntFieldRefInput,\n+     not: Int | NestedIntFilter\n+   }\n  },\n  orderBy: {\n    title: \"asc\"\n  },\n  skip: 0,\n  take: 10\n}\n\nArgument `format_id` is missing."}
{"level":"info","message":"Server shut down"}
{"level":"info","message":"Server running on port 5000"}
{"level":"info","message":"Starting: getReleases function"}
{"level":"info","message":"Retrieved 8 releases"}
{"level":"info","message":"Ending: getReleases function"}
{"level":"info","message":"Starting: getReleases function"}
{"level":"info","message":"Retrieved 10 releases"}
{"level":"info","message":"Ending: getReleases function"}
{"level":"info","message":"Starting: getReleases function"}
{"level":"info","message":"Retrieved 10 releases"}
{"level":"info","message":"Ending: getReleases function"}
{"level":"info","message":"Starting: getReleases function"}
{"level":"info","message":"Retrieved 8 releases"}
{"level":"info","message":"Ending: getReleases function"}
{"level":"info","message":"Server shut down"}
{"level":"info","message":"Server running on port 5000"}
{"level":"info","message":"Starting: getReleases function"}
{"level":"info","message":"Retrieved 10 releases"}
{"level":"info","message":"Ending: getReleases function"}
{"level":"info","message":"Starting: getReleases function"}
{"level":"info","message":"Retrieved 10 releases"}
{"level":"info","message":"Ending: getReleases function"}
{"level":"info","message":"Starting: getReleases function"}
{"level":"info","message":"Retrieved 5 releases"}
{"level":"info","message":"Ending: getReleases function"}
{"level":"info","message":"Starting: getReleases function"}
{"level":"info","message":"Retrieved 8 releases"}
{"level":"info","message":"Ending: getReleases function"}
{"level":"info","message":"Starting: getReleases function"}
{"level":"info","message":"Retrieved 8 releases"}
{"level":"info","message":"Ending: getReleases function"}
{"level":"info","message":"Starting: getReleases function"}
{"level":"info","message":"Retrieved 0 releases"}
{"level":"info","message":"Ending: getReleases function"}
{"level":"info","message":"Starting: getReleases function"}
{"level":"info","message":"Retrieved 1 releases"}
{"level":"info","message":"Ending: getReleases function"}
{"level":"info","message":"Starting: getReleases function"}
{"level":"info","message":"Retrieved 9 releases"}
{"level":"info","message":"Ending: getReleases function"}
{"level":"info","message":"Starting: getReleases function"}
{"level":"info","message":"Retrieved 10 releases"}
{"level":"info","message":"Ending: getReleases function"}
{"level":"info","message":"Server shut down"}
{"level":"info","message":"Server running on port 5000"}
{"level":"info","message":"Starting: getReleases function"}
{"level":"info","message":"Retrieved 10 releases"}
{"level":"info","message":"Ending: getReleases function"}
{"level":"info","message":"Starting: getReleases function"}
{"level":"info","message":"Retrieved 1 releases"}
{"level":"info","message":"Ending: getReleases function"}
{"level":"info","message":"Starting: getReleases function"}
{"level":"info","message":"Retrieved 1 releases"}
{"level":"info","message":"Ending: getReleases function"}
{"level":"info","message":"Starting: getReleases function"}
{"level":"info","message":"Retrieved 2 releases"}
{"level":"info","message":"Ending: getReleases function"}
{"level":"info","message":"Starting: getReleases function"}
{"level":"info","message":"Retrieved 8 releases"}
{"level":"info","message":"Ending: getReleases function"}
{"level":"info","message":"Starting: getReleases function"}
{"level":"info","message":"Retrieved 8 releases"}
{"level":"info","message":"Ending: getReleases function"}
{"level":"info","message":"Starting: getReleases function"}
{"level":"info","message":"Retrieved 8 releases"}
{"level":"info","message":"Ending: getReleases function"}
{"level":"info","message":"Starting: getReleases function"}
{"level":"info","message":"Retrieved 8 releases"}
{"level":"info","message":"Ending: getReleases function"}
{"level":"info","message":"Starting: getReleases function"}
{"level":"error","message":"Error fetching releases: PrismaClientValidationError: \nInvalid `prisma.release.findMany()` invocation:\n\n{\n  include: {\n    artists: {\n      include: {\n        artist: true\n      }\n    },\n    format: true,\n    cover_art: true\n  },\n  where: {\n    format: {\n      name: {\n        equals: \"LP\"\n      }\n    }\n  },\n  orderBy: {\n    title: [\n      \"desc\",\n      \"year\"\n    ]\n    ~~~~~~~~\n  },\n  skip: 0,\n  take: 10\n}\n\nArgument `title`: Invalid value provided. Expected SortOrder, provided (String, String)."}
{"level":"info","message":"Starting: getReleases function"}
{"level":"error","message":"Error fetching releases: PrismaClientValidationError: \nInvalid `prisma.release.findMany()` invocation:\n\n{\n  include: {\n    artists: {\n      include: {\n        artist: true\n      }\n    },\n    format: true,\n    cover_art: true\n  },\n  where: {\n    format: {\n      name: {\n        equals: \"LP\"\n      }\n    }\n  },\n  orderBy: {\n    title: [\n      \"desc\",\n      \"artist\"\n    ]\n    ~~~~~~~~~~\n  },\n  skip: 0,\n  take: 10\n}\n\nArgument `title`: Invalid value provided. Expected SortOrder, provided (String, String)."}
{"level":"info","message":"Starting: getReleases function"}
{"level":"info","message":"Retrieved 8 releases"}
{"level":"info","message":"Ending: getReleases function"}
{"level":"info","message":"Starting: getReleases function"}
{"level":"info","message":"Retrieved 10 releases"}
{"level":"info","message":"Ending: getReleases function"}
{"level":"info","message":"Starting: getReleases function"}
{"level":"info","message":"Retrieved 10 releases"}
{"level":"info","message":"Ending: getReleases function"}
{"level":"info","message":"Starting: getReleases function"}
{"level":"info","message":"Retrieved 5 releases"}
{"level":"info","message":"Ending: getReleases function"}
{"level":"info","message":"Server shut down"}
